0 info it worked if it ends with ok
1 verbose cli [ 'node',
1 verbose cli   '/usr/local/bin/npm',
1 verbose cli   'install',
1 verbose cli   '--save-dev',
1 verbose cli   'mustache' ]
2 info using npm@1.4.28
3 info using node@v0.10.36
4 verbose readDependencies using package.json deps
5 verbose cache add [ 'mustache', null ]
6 verbose cache add name=undefined spec="mustache" args=["mustache",null]
7 verbose parsed url { protocol: null,
7 verbose parsed url   slashes: null,
7 verbose parsed url   auth: null,
7 verbose parsed url   host: null,
7 verbose parsed url   port: null,
7 verbose parsed url   hostname: null,
7 verbose parsed url   hash: null,
7 verbose parsed url   search: null,
7 verbose parsed url   query: null,
7 verbose parsed url   pathname: 'mustache',
7 verbose parsed url   path: 'mustache',
7 verbose parsed url   href: 'mustache' }
8 silly lockFile e372423e-mustache mustache
9 verbose lock mustache /Users/deedaralam/.npm/e372423e-mustache.lock
10 silly lockFile e372423e-mustache mustache
11 silly lockFile e372423e-mustache mustache
12 verbose addNamed [ 'mustache', '' ]
13 verbose addNamed [ null, '*' ]
14 silly lockFile 58264633-mustache mustache@
15 verbose lock mustache@ /Users/deedaralam/.npm/58264633-mustache.lock
16 silly addNameRange { name: 'mustache', range: '*', hasData: false }
17 verbose request where is /mustache
18 verbose request registry https://registry.npmjs.org/
19 verbose request id 55542cbf242a58ed
20 verbose url raw /mustache
21 verbose url resolving [ 'https://registry.npmjs.org/', './mustache' ]
22 verbose url resolved https://registry.npmjs.org/mustache
23 verbose request where is https://registry.npmjs.org/mustache
24 info trying registry request attempt 1 at 12:43:25
25 verbose etag "BTTLNEM38URY0W0MCF03G4IOY"
26 http GET https://registry.npmjs.org/mustache
27 http 200 https://registry.npmjs.org/mustache
28 silly registry.get cb [ 200,
28 silly registry.get   { server: 'CouchDB/1.5.0 (Erlang OTP/R16B03)',
28 silly registry.get     etag: '"ABOIODGY488G83DSWO5G3HH1W"',
28 silly registry.get     'content-type': 'application/json',
28 silly registry.get     'cache-control': 'max-age=60',
28 silly registry.get     'content-length': '44188',
28 silly registry.get     'accept-ranges': 'bytes',
28 silly registry.get     date: 'Wed, 02 Dec 2015 07:43:27 GMT',
28 silly registry.get     via: '1.1 varnish',
28 silly registry.get     age: '0',
28 silly registry.get     connection: 'keep-alive',
28 silly registry.get     'x-served-by': 'cache-fra1240-FRA',
28 silly registry.get     'x-cache': 'HIT',
28 silly registry.get     'x-cache-hits': '1',
28 silly registry.get     'x-timer': 'S1449042206.827075,VS0,VE181',
28 silly registry.get     vary: 'Accept' } ]
29 silly addNameRange number 2 { name: 'mustache', range: '*', hasData: true }
30 silly addNameRange versions [ 'mustache',
30 silly addNameRange   [ '0.3.1-dev',
30 silly addNameRange     '0.4.0',
30 silly addNameRange     '0.5.1-dev',
30 silly addNameRange     '0.5.2',
30 silly addNameRange     '0.6.0',
30 silly addNameRange     '0.7.0',
30 silly addNameRange     '0.7.1',
30 silly addNameRange     '0.7.2',
30 silly addNameRange     '0.7.3',
30 silly addNameRange     '0.8.0',
30 silly addNameRange     '0.8.1',
30 silly addNameRange     '0.8.2',
30 silly addNameRange     '1.0.0',
30 silly addNameRange     '1.1.0',
30 silly addNameRange     '1.2.0',
30 silly addNameRange     '2.0.0',
30 silly addNameRange     '2.1.0',
30 silly addNameRange     '2.1.1',
30 silly addNameRange     '2.1.2',
30 silly addNameRange     '2.1.3',
30 silly addNameRange     '2.2.0' ] ]
31 verbose addNamed [ 'mustache', '2.2.0' ]
32 verbose addNamed [ '2.2.0', '2.2.0' ]
33 silly lockFile a08ca0d4-mustache-2-2-0 mustache@2.2.0
34 verbose lock mustache@2.2.0 /Users/deedaralam/.npm/a08ca0d4-mustache-2-2-0.lock
35 silly lockFile ce341fc1--org-mustache-mustache-2-2-0-tgz https://registry.npmjs.org/mustache/-/mustache-2.2.0.tgz
36 verbose lock https://registry.npmjs.org/mustache/-/mustache-2.2.0.tgz /Users/deedaralam/.npm/ce341fc1--org-mustache-mustache-2-2-0-tgz.lock
37 verbose addRemoteTarball [ 'https://registry.npmjs.org/mustache/-/mustache-2.2.0.tgz',
37 verbose addRemoteTarball   'd29813b499b8067712b503347eac342c616727c7' ]
38 info retry fetch attempt 1 at 12:43:28
39 verbose fetch to= /var/folders/m5/n642zhv91cj16st57qbvx1tm0000gn/T/npm-3390-onLaaZug/registry.npmjs.org/mustache/-/mustache-2.2.0.tgz
40 http GET https://registry.npmjs.org/mustache/-/mustache-2.2.0.tgz
41 http 200 https://registry.npmjs.org/mustache/-/mustache-2.2.0.tgz
42 silly lockFile ce341fc1--org-mustache-mustache-2-2-0-tgz https://registry.npmjs.org/mustache/-/mustache-2.2.0.tgz
43 silly lockFile ce341fc1--org-mustache-mustache-2-2-0-tgz https://registry.npmjs.org/mustache/-/mustache-2.2.0.tgz
44 silly lockFile a08ca0d4-mustache-2-2-0 mustache@2.2.0
45 silly lockFile a08ca0d4-mustache-2-2-0 mustache@2.2.0
46 silly lockFile 58264633-mustache mustache@
47 silly lockFile 58264633-mustache mustache@
48 error Error: EACCES, mkdir '/Users/deedaralam/.npm/mustache/2.2.0'
48 error  { [Error: EACCES, mkdir '/Users/deedaralam/.npm/mustache/2.2.0']
48 error   errno: 3,
48 error   code: 'EACCES',
48 error   path: '/Users/deedaralam/.npm/mustache/2.2.0',
48 error   parent: 'workflows' }
49 error Please try running this command again as root/Administrator.
50 error System Darwin 14.5.0
51 error command "node" "/usr/local/bin/npm" "install" "--save-dev" "mustache"
52 error cwd /Users/deedaralam/Desktop/workflows
53 error node -v v0.10.36
54 error npm -v 1.4.28
55 error path /Users/deedaralam/.npm/mustache/2.2.0
56 error code EACCES
57 error errno 3
58 error stack Error: EACCES, mkdir '/Users/deedaralam/.npm/mustache/2.2.0'
59 verbose exit [ 3, true ]
